<?xml version="1.0" encoding="UTF-8"?>
<testsuite name="com.cg.junit.moodanalyzer.MoodAnalyzerTest" tests="1" skipped="0" failures="0" errors="0" timestamp="2020-10-09T02:51:00" hostname="DESKTOP-AURK5V2" time="0.003">
  <properties/>
  <testcase name="givenNull_Should_returnHappy" classname="com.cg.junit.moodanalyzer.MoodAnalyzerTest" time="0.003"/>
  <system-out><![CDATA[]]></system-out>
  <system-err><![CDATA[]]></system-err>
</testsuite>
